#
# A fatal error has been detected by the Java Runtime Environment:
#
#  EXCEPTION_ACCESS_VIOLATION (0xc0000005) at pc=0x0000000069c1bce0, pid=9536, tid=11036
#
# JRE version: Java(TM) SE Runtime Environment (9.0+11) (build 9.0.4+11)
# Java VM: Java HotSpot(TM) 64-Bit Server VM (9.0.4+11, mixed mode, tiered, compressed oops, g1 gc, windows-amd64)
# Problematic frame:
# V  [jvm.dll+0x32bce0]
#
# No core dump will be written. Minidumps are not enabled by default on client versions of Windows
#
# If you would like to submit a bug report, please visit:
#   http://bugreport.java.com/bugreport/crash.jsp
#

---------------  S U M M A R Y ------------

Command Line: -agentlib:jdwp=transport=dt_socket,suspend=y,address=localhost:51824 -Dcom.sun.management.jmxremote -Dcom.sun.management.jmxremote.port=51823 -Dcom.sun.management.jmxremote.authenticate=false -Dcom.sun.management.jmxremote.ssl=false -Djava.rmi.server.hostname=localhost -Dspring.jmx.enabled=true -Dspring.application.admin.enabled=true -Xverify:none -XX:TieredStopAtLevel=1 -Dspring.boot.project.name=tim05 -javaagent:D:\Eclipse\eclipse\configuration\org.eclipse.osgi\229\0\.cp\lib\javaagent-shaded.jar -Dfile.encoding=UTF-8 com.project.tim05.Tim05Application

Host: Intel(R) Core(TM) i7-7700HQ CPU @ 2.80GHz, 8 cores, 7G,  Windows 10 , 64 bit Build 18362 (10.0.18362.778)
Time: Thu Jun 11 19:44:00 2020 Central Europe Daylight Time elapsed time: 188 seconds (0d 0h 3m 8s)

---------------  T H R E A D  ---------------

Current thread (0x000002428710c800):  VMThread "VM Thread" [stack: 0x000000cc9cd00000,0x000000cc9ce00000] [id=11036]

Stack: [0x000000cc9cd00000,0x000000cc9ce00000],  sp=0x000000cc9cdfe9f0,  free space=1018k
Native frames: (J=compiled Java code, j=interpreted, Vv=VM code, C=native code)
V  [jvm.dll+0x32bce0]
V  [jvm.dll+0x327698]
V  [jvm.dll+0x341f4f]
V  [jvm.dll+0x34516d]
V  [jvm.dll+0x296ab0]
V  [jvm.dll+0x296ba9]
V  [jvm.dll+0x2f8791]
V  [jvm.dll+0x2f4b6a]
V  [jvm.dll+0x2f3e39]
V  [jvm.dll+0x2f3293]
V  [jvm.dll+0x5784ff]
V  [jvm.dll+0x57880c]
V  [jvm.dll+0x578f20]
V  [jvm.dll+0x5470aa]
V  [jvm.dll+0x465311]
V  [jvm.dll+0x6a366b]
V  [jvm.dll+0x6a1e05]
V  [jvm.dll+0x6a25e1]
V  [jvm.dll+0x6a28cc]
V  [jvm.dll+0x586490]
C  [msvcr120.dll+0x24f7f]
C  [msvcr120.dll+0x25126]
C  [KERNEL32.DLL+0x17bd4]
C  [ntdll.dll+0x6ce51]


siginfo: EXCEPTION_ACCESS_VIOLATION (0xc0000005), reading address 0xffffffffffffffff


Register to memory mapping:

RIP=0x0000000069c1bce0 jvm.dll
RAX=0x6568631300019e00 is an unknown value
RBX=0x000002428710c800 is an unknown value
RCX=0x00000001000016d0 is pointing into metadata
RDX=0x6568631300019e00 is an unknown value
RSP=0x000000cc9cdfe9f0 is an unknown value
RBP=0x0000000000000003 is an unknown value
RSI=0x000000cc9cdfeab0 is an unknown value
RDI=0x0000000000000000 is an unknown value
R8 =0x000002428710c800 is an unknown value
R9 =0x6568631300019e00 is an unknown value
R10=0x000000000000006e is an unknown value
R11=0x000000000000006e is an unknown value
R12=0x000000cc9cdff200 is an unknown value
R13=0x00000000000003d8 is an unknown value
R14=0x0000000000000058 is an unknown value
R15=0x0000000000000001 is an unknown value


Registers:
RAX=0x6568631300019e00, RBX=0x000002428710c800, RCX=0x00000001000016d0, RDX=0x6568631300019e00
RSP=0x000000cc9cdfe9f0, RBP=0x0000000000000003, RSI=0x000000cc9cdfeab0, RDI=0x0000000000000000
R8 =0x000002428710c800, R9 =0x6568631300019e00, R10=0x000000000000006e, R11=0x000000000000006e
R12=0x000000cc9cdff200, R13=0x00000000000003d8, R14=0x0000000000000058, R15=0x0000000000000001
RIP=0x0000000069c1bce0, EFLAGS=0x0000000000010246

Top of Stack: (sp=0x000000cc9cdfe9f0)
0x000000cc9cdfe9f0:   00000001000016d0 000000cc9cdfefd0
0x000000cc9cdfea00:   4fffffff4fffffff 000002428710c800
0x000000cc9cdfea10:   0000000000000000 0000000069c17698
0x000000cc9cdfea20:   00000001000016d0 000002428710c800
0x000000cc9cdfea30:   000000cc9cdfeab0 000002428710c800
0x000000cc9cdfea40:   000000cc9cdfeb20 0000000069c31f4f
0x000000cc9cdfea50:   000002428710c800 0000000069eefa08
0x000000cc9cdfea60:   000000cc9cdfeac0 00000000000007ff
0x000000cc9cdfea70:   0000000000000000 0000024287021010
0x000000cc9cdfea80:   000000cc9cdfeb20 0000000069c3516d
0x000000cc9cdfea90:   0000000000000001 000000cc9cdfec80
0x000000cc9cdfeaa0:   0000000000000058 0000024287508cf0
0x000000cc9cdfeab0:   0000024200000000 00000242e6fe0150
0x000000cc9cdfeac0:   000002428710c800 000000cc9cdfec80
0x000000cc9cdfead0:   0000000000000000 0000000069b86ab0
0x000000cc9cdfeae0:   000000cc9cdfec70 00007ffc00000001 

Instructions: (pc=0x0000000069c1bce0)
0x0000000069c1bcc0:   8b d8 e8 a9 88 d8 ff 48 83 7b 08 00 4c 8b c8 74
0x0000000069c1bcd0:   04 33 ff eb 23 80 3d 39 bd 62 00 00 74 05 33 ff
0x0000000069c1bce0:   89 78 0c 48 8d 4d fe 48 8d 78 10 48 85 c9 74 05
0x0000000069c1bcf0:   33 c0 f3 48 ab 49 8b f9 48 83 7b 08 00 48 8b 74 


VM_Operation (0x000000cc9d8ff4a0): GetOrSetLocal, mode: safepoint, requested by thread 0x000002428757c800


---------------  P R O C E S S  ---------------

Java Threads: ( => current thread )
  0x000002428b666000 JavaThread "RMI TCP Connection(12)-127.0.0.1" daemon [_thread_in_native, id=14484, stack(0x000000cc9b500000,0x000000cc9b600000)]
  0x000002428b664800 JavaThread "DestroyJavaVM" [_thread_blocked, id=10200, stack(0x000000cc9b800000,0x000000cc9b900000)]
  0x000002428b661000 JavaThread "http-nio-8081-Acceptor" daemon [_thread_in_native, id=12940, stack(0x000000cc9f900000,0x000000cc9fa00000)]
  0x000002428b667000 JavaThread "http-nio-8081-ClientPoller" daemon [_thread_in_native, id=14540, stack(0x000000cc9f800000,0x000000cc9f900000)]
  0x000002428b660000 JavaThread "http-nio-8081-exec-10" daemon [_thread_blocked, id=8420, stack(0x000000cc9f700000,0x000000cc9f800000)]
  0x000002428b665800 JavaThread "http-nio-8081-exec-9" daemon [_thread_blocked, id=11700, stack(0x000000cc9f600000,0x000000cc9f700000)]
  0x000002428b65e800 JavaThread "http-nio-8081-exec-8" daemon [_thread_blocked, id=17692, stack(0x000000cc9f500000,0x000000cc9f600000)]
  0x000002428b65f800 JavaThread "http-nio-8081-exec-7" daemon [_thread_blocked, id=17248, stack(0x000000cc9f400000,0x000000cc9f500000)]
  0x000002428b65e000 JavaThread "http-nio-8081-exec-6" daemon [_thread_blocked, id=18716, stack(0x000000cc9f300000,0x000000cc9f400000)]
  0x000002428b661800 JavaThread "http-nio-8081-exec-5" daemon [_thread_blocked, id=13692, stack(0x000000cc9f200000,0x000000cc9f300000)]
  0x000002428b65d000 JavaThread "http-nio-8081-exec-4" daemon [_thread_blocked, id=11308, stack(0x000000cc9f100000,0x000000cc9f200000)]
  0x000002428b663000 JavaThread "http-nio-8081-exec-3" daemon [_thread_blocked, id=13056, stack(0x000000cc9f000000,0x000000cc9f100000)]
  0x00000242894f8800 JavaThread "http-nio-8081-exec-2" daemon [_thread_blocked, id=17776, stack(0x000000cc9ef00000,0x000000cc9f000000)]
  0x00000242894fd000 JavaThread "http-nio-8081-exec-1" daemon [_thread_blocked, id=17584, stack(0x000000cc9ee00000,0x000000cc9ef00000)]
  0x00000242894fb800 JavaThread "http-nio-8081-BlockPoller" daemon [_thread_in_native, id=8396, stack(0x000000cc9ed00000,0x000000cc9ee00000)]
  0x00000242894ff000 JavaThread "scheduling-1" [_thread_blocked, id=18344, stack(0x000000cc9e900000,0x000000cc9ea00000)]
  0x00000242894fe800 JavaThread "container-0" [_thread_blocked, id=13512, stack(0x000000cc9ec00000,0x000000cc9ed00000)]
  0x00000242894fc000 JavaThread "Catalina-utility-2" [_thread_blocked, id=15660, stack(0x000000cc9eb00000,0x000000cc9ec00000)]
  0x00000242894fd800 JavaThread "Catalina-utility-1" [_thread_blocked, id=18696, stack(0x000000cc9ea00000,0x000000cc9eb00000)]
  0x00000242894fa800 JavaThread "HikariPool-1 housekeeper" daemon [_thread_blocked, id=10608, stack(0x000000cc9e800000,0x000000cc9e900000)]
  0x00000242894f9000 JavaThread "PostgreSQL-JDBC-SharedTimer-1" daemon [_thread_blocked, id=9452, stack(0x000000cc9e700000,0x000000cc9e800000)]
  0x0000024287eef800 JavaThread "JMX server connection timeout 23" daemon [_thread_blocked, id=15548, stack(0x000000cc9e300000,0x000000cc9e400000)]
  0x0000024287fa7000 JavaThread "RMI TCP Connection(idle)" daemon [_thread_blocked, id=15776, stack(0x000000cc9e200000,0x000000cc9e300000)]
  0x0000024287faa800 JavaThread "RMI Scheduler(0)" daemon [_thread_blocked, id=11760, stack(0x000000cc9e100000,0x000000cc9e200000)]
  0x0000024287ee6800 JavaThread "RMI TCP Accept-0" daemon [_thread_in_native, id=10088, stack(0x000000cc9de00000,0x000000cc9df00000)]
  0x0000024287ef2800 JavaThread "RMI TCP Accept-51823" daemon [_thread_in_native, id=18740, stack(0x000000cc9dd00000,0x000000cc9de00000)]
  0x0000024287eea800 JavaThread "RMI TCP Accept-0" daemon [_thread_in_native, id=16124, stack(0x000000cc9dc00000,0x000000cc9dd00000)]
  0x0000024287c82000 JavaThread "Service Thread" daemon [_thread_blocked, id=8996, stack(0x000000cc9db00000,0x000000cc9dc00000)]
  0x0000024287588000 JavaThread "JDWP Command Reader" daemon [_thread_in_native, id=8840, stack(0x000000cc9da00000,0x000000cc9db00000)]
  0x000002428757d800 JavaThread "JDWP Event Helper Thread" daemon [_thread_blocked, id=1360, stack(0x000000cc9d900000,0x000000cc9da00000)]
  0x000002428757c800 JavaThread "JDWP Transport Listener: dt_socket" daemon [_thread_blocked, id=16820, stack(0x000000cc9d800000,0x000000cc9d900000)]
  0x0000024287438800 JavaThread "Common-Cleaner" daemon [_thread_blocked, id=5692, stack(0x000000cc9d700000,0x000000cc9d800000)]
  0x0000024287188000 JavaThread "Sweeper thread" daemon [_thread_blocked, id=15736, stack(0x000000cc9d600000,0x000000cc9d700000)]
  0x0000024287163800 JavaThread "C1 CompilerThread3" daemon [_thread_blocked, id=1720, stack(0x000000cc9d500000,0x000000cc9d600000)]
  0x0000024287162800 JavaThread "C1 CompilerThread2" daemon [_thread_blocked, id=7404, stack(0x000000cc9d400000,0x000000cc9d500000)]
  0x0000024287161800 JavaThread "C1 CompilerThread1" daemon [_thread_blocked, id=12924, stack(0x000000cc9d300000,0x000000cc9d400000)]
  0x000002428715d800 JavaThread "C1 CompilerThread0" daemon [_thread_blocked, id=6724, stack(0x000000cc9d200000,0x000000cc9d300000)]
  0x0000024287158000 JavaThread "Attach Listener" daemon [_thread_blocked, id=10476, stack(0x000000cc9d100000,0x000000cc9d200000)]
  0x0000024287156000 JavaThread "Signal Dispatcher" daemon [_thread_blocked, id=9176, stack(0x000000cc9d000000,0x000000cc9d100000)]
  0x0000024287149800 JavaThread "Finalizer" daemon [_thread_blocked, id=3160, stack(0x000000cc9cf00000,0x000000cc9d000000)]
  0x0000024287110800 JavaThread "Reference Handler" daemon [_thread_blocked, id=10736, stack(0x000000cc9ce00000,0x000000cc9cf00000)]

Other Threads:
=>0x000002428710c800 VMThread "VM Thread" [stack: 0x000000cc9cd00000,0x000000cc9ce00000] [id=11036]
  0x0000024287f54800 WatcherThread [stack: 0x000000cc9df00000,0x000000cc9e000000] [id=1364]
  0x00000242e7050800 GCTaskThread "GC Thread#0" [stack: 0x000000cc9b900000,0x000000cc9ba00000] [id=8936]
  0x00000242e7052800 GCTaskThread "GC Thread#1" [stack: 0x000000cc9ba00000,0x000000cc9bb00000] [id=16632]
  0x00000242e7055000 GCTaskThread "GC Thread#2" [stack: 0x000000cc9bb00000,0x000000cc9bc00000] [id=13592]
  0x00000242e705c000 GCTaskThread "GC Thread#3" [stack: 0x000000cc9bc00000,0x000000cc9bd00000] [id=13328]
  0x00000242e705d000 GCTaskThread "GC Thread#4" [stack: 0x000000cc9bd00000,0x000000cc9be00000] [id=15868]
  0x00000242e705f000 GCTaskThread "GC Thread#5" [stack: 0x000000cc9be00000,0x000000cc9bf00000] [id=3768]
  0x00000242e7062000 GCTaskThread "GC Thread#6" [stack: 0x000000cc9bf00000,0x000000cc9c000000] [id=15276]
  0x00000242e7063800 GCTaskThread "GC Thread#7" [stack: 0x000000cc9c000000,0x000000cc9c100000] [id=6240]
  0x00000242e70b8000 ConcurrentGCThread "G1 Main Marker" [stack: 0x000000cc9ca00000,0x000000cc9cb00000] [id=16848]
  0x00000242e70b9000 ConcurrentGCThread "G1 Marker#0" [stack: 0x000000cc9cb00000,0x000000cc9cc00000] [id=12000]
  0x00000242e70bb800 ConcurrentGCThread "G1 Marker#1" [stack: 0x000000cc9cc00000,0x000000cc9cd00000] [id=10176]
  0x00000242e707d800 ConcurrentGCThread "G1 Refine#0" [stack: 0x000000cc9c800000,0x000000cc9c900000] [id=9980]
  0x00000242e707c800 ConcurrentGCThread "G1 Refine#1" [stack: 0x000000cc9c700000,0x000000cc9c800000] [id=6048]
  0x00000242e7079800 ConcurrentGCThread "G1 Refine#2" [stack: 0x000000cc9c600000,0x000000cc9c700000] [id=18488]
  0x00000242e7077800 ConcurrentGCThread "G1 Refine#3" [stack: 0x000000cc9c500000,0x000000cc9c600000] [id=15500]
  0x00000242e7076800 ConcurrentGCThread "G1 Refine#4" [stack: 0x000000cc9c400000,0x000000cc9c500000] [id=1312]
  0x00000242e7073800 ConcurrentGCThread "G1 Refine#5" [stack: 0x000000cc9c300000,0x000000cc9c400000] [id=13744]
  0x00000242e706e800 ConcurrentGCThread "G1 Refine#6" [stack: 0x000000cc9c200000,0x000000cc9c300000] [id=18932]
  0x00000242e706d800 ConcurrentGCThread "G1 Refine#7" [stack: 0x000000cc9c100000,0x000000cc9c200000] [id=1460]
  0x00000242e708b800 ConcurrentGCThread "G1 Young RemSet Sampling" [stack: 0x000000cc9c900000,0x000000cc9ca00000] [id=4084]

Threads with active compile tasks:

VM state:at safepoint (normal execution)

VM Mutex/Monitor currently owned by a thread:  ([mutex/lock_event])
[0x00000242e70387a0] Threads_lock - owner thread: 0x000002428710c800

Heap address: 0x0000000081c00000, size: 2020 MB, Compressed Oops mode: 32-bit
Narrow klass base: 0x0000000000000000, Narrow klass shift: 3
Compressed class space size: 1073741824 Address: 0x0000000100000000

Heap:
 garbage-first heap   total 189440K, used 90562K [0x0000000081c00000, 0x0000000081d005c8, 0x0000000100000000)
  region size 1024K, 63 young (64512K), 10 survivors (10240K)
 Metaspace       used 64334K, capacity 68896K, committed 69168K, reserved 1110016K
  class space    used 8729K, capacity 9495K, committed 9520K, reserved 1048576K
Heap Regions: E=young(eden), S=young(survivor), O=old, HS=humongous(starts), HC=humongous(continues), CS=collection set, F=free, A=archive, TS=gc time stamp, AC=allocation context, TAMS=top-at-mark-start (previous, next)
|   0|0x0000000081c00000, 0x0000000081d00000, 0x0000000081d00000|100%|HS|  |TS  0|AC  0|TAMS 0x0000000081d00000, 0x0000000081d00000|
|   1|0x0000000081d00000, 0x0000000081e00000, 0x0000000081e00000|100%| O|  |TS  0|AC  0|TAMS 0x0000000081e00000, 0x0000000081e00000|
|   2|0x0000000081e00000, 0x0000000081f00000, 0x0000000081f00000|100%| O|  |TS  0|AC  0|TAMS 0x0000000081f00000, 0x0000000081f00000|
|   3|0x0000000081f00000, 0x0000000082000000, 0x0000000082000000|100%| O|  |TS  0|AC  0|TAMS 0x0000000082000000, 0x0000000082000000|
|   4|0x0000000082000000, 0x0000000082100000, 0x0000000082100000|100%| O|  |TS  0|AC  0|TAMS 0x0000000082100000, 0x0000000082100000|
|   5|0x0000000082100000, 0x0000000082200000, 0x0000000082200000|100%| O|  |TS  0|AC  0|TAMS 0x0000000082200000, 0x0000000082200000|
|   6|0x0000000082200000, 0x0000000082300000, 0x0000000082300000|100%| O|  |TS  0|AC  0|TAMS 0x0000000082300000, 0x0000000082300000|
|   7|0x0000000082300000, 0x0000000082400000, 0x0000000082400000|100%| O|  |TS  0|AC  0|TAMS 0x0000000082400000, 0x0000000082400000|
|   8|0x0000000082400000, 0x0000000082500000, 0x0000000082500000|100%| O|  |TS  0|AC  0|TAMS 0x0000000082500000, 0x0000000082500000|
|   9|0x0000000082500000, 0x0000000082600000, 0x0000000082600000|100%| O|  |TS  0|AC  0|TAMS 0x0000000082600000, 0x0000000082600000|
|  10|0x0000000082600000, 0x0000000082700000, 0x0000000082700000|100%| O|  |TS  0|AC  0|TAMS 0x0000000082700000, 0x0000000082700000|
|  11|0x0000000082700000, 0x0000000082800000, 0x0000000082800000|100%| O|  |TS  0|AC  0|TAMS 0x0000000082800000, 0x0000000082800000|
|  12|0x0000000082800000, 0x0000000082900000, 0x0000000082900000|100%| O|  |TS  0|AC  0|TAMS 0x0000000082900000, 0x0000000082900000|
|  13|0x0000000082900000, 0x0000000082a00000, 0x0000000082a00000|100%| O|  |TS  0|AC  0|TAMS 0x0000000082a00000, 0x0000000082a00000|
|  14|0x0000000082a00000, 0x0000000082b00000, 0x0000000082b00000|100%| O|  |TS  0|AC  0|TAMS 0x0000000082b00000, 0x0000000082b00000|
|  15|0x0000000082b00000, 0x0000000082c00000, 0x0000000082c00000|100%| O|  |TS  0|AC  0|TAMS 0x0000000082c00000, 0x0000000082c00000|
|  16|0x0000000082c00000, 0x0000000082d00000, 0x0000000082d00000|100%| O|  |TS  0|AC  0|TAMS 0x0000000082d00000, 0x0000000082d00000|
|  17|0x0000000082d00000, 0x0000000082e00000, 0x0000000082e00000|100%| O|  |TS  0|AC  0|TAMS 0x0000000082e00000, 0x0000000082e00000|
|  18|0x0000000082e00000, 0x0000000082f00000, 0x0000000082f00000|100%| O|  |TS  0|AC  0|TAMS 0x0000000082f00000, 0x0000000082f00000|
|  19|0x0000000082f00000, 0x0000000083000000, 0x0000000083000000|100%| O|  |TS  0|AC  0|TAMS 0x0000000083000000, 0x0000000083000000|
|  20|0x0000000083000000, 0x0000000083100000, 0x0000000083100000|100%| O|  |TS  0|AC  0|TAMS 0x0000000083100000, 0x0000000083100000|
|  21|0x0000000083100000, 0x0000000083200000, 0x0000000083200000|100%| O|  |TS  0|AC  0|TAMS 0x0000000083200000, 0x0000000083200000|
|  22|0x0000000083200000, 0x0000000083300000, 0x0000000083300000|100%| O|  |TS  0|AC  0|TAMS 0x0000000083300000, 0x0000000083300000|
|  23|0x0000000083300000, 0x0000000083400000, 0x0000000083400000|100%| O|  |TS  1|AC  0|TAMS 0x000000008335ea00, 0x000000008335ea00|
|  24|0x0000000083400000, 0x0000000083500000, 0x0000000083500000|100%| O|  |TS  1|AC  0|TAMS 0x0000000083400000, 0x0000000083400000|
|  25|0x0000000083500000, 0x0000000083600000, 0x0000000083600000|100%| O|  |TS  1|AC  0|TAMS 0x0000000083500000, 0x0000000083500000|
|  26|0x0000000083600000, 0x0000000083670800, 0x0000000083700000| 43%| O|  |TS  1|AC  0|TAMS 0x0000000083600000, 0x0000000083600000|
|  27|0x0000000083700000, 0x0000000083700000, 0x0000000083800000|  0%| F|  |TS  0|AC  0|TAMS 0x0000000083700000, 0x0000000083700000|
|  28|0x0000000083800000, 0x0000000083800000, 0x0000000083900000|  0%| F|  |TS  0|AC  0|TAMS 0x0000000083800000, 0x0000000083800000|
|  29|0x0000000083900000, 0x0000000083900000, 0x0000000083a00000|  0%| F|  |TS  0|AC  0|TAMS 0x0000000083900000, 0x0000000083900000|
|  30|0x0000000083a00000, 0x0000000083a00000, 0x0000000083b00000|  0%| F|  |TS  0|AC  0|TAMS 0x0000000083a00000, 0x0000000083a00000|
|  31|0x0000000083b00000, 0x0000000083b00000, 0x0000000083c00000|  0%| F|  |TS  0|AC  0|TAMS 0x0000000083b00000, 0x0000000083b00000|
|  32|0x0000000083c00000, 0x0000000083c00000, 0x0000000083d00000|  0%| F|  |TS  0|AC  0|TAMS 0x0000000083c00000, 0x0000000083c00000|
|  33|0x0000000083d00000, 0x0000000083d00000, 0x0000000083e00000|  0%| F|  |TS  0|AC  0|TAMS 0x0000000083d00000, 0x0000000083d00000|
|  34|0x0000000083e00000, 0x0000000083e00000, 0x0000000083f00000|  0%| F|  |TS  0|AC  0|TAMS 0x0000000083e00000, 0x0000000083e00000|
|  35|0x0000000083f00000, 0x0000000083f00000, 0x0000000084000000|  0%| F|  |TS  0|AC  0|TAMS 0x0000000083f00000, 0x0000000083f00000|
|  36|0x0000000084000000, 0x0000000084000000, 0x0000000084100000|  0%| F|  |TS  0|AC  0|TAMS 0x0000000084000000, 0x0000000084000000|
|  37|0x0000000084100000, 0x0000000084100000, 0x0000000084200000|  0%| F|  |TS  0|AC  0|TAMS 0x0000000084100000, 0x0000000084100000|
|  38|0x0000000084200000, 0x0000000084200000, 0x0000000084300000|  0%| F|  |TS  0|AC  0|TAMS 0x0000000084200000, 0x0000000084200000|
|  39|0x0000000084300000, 0x0000000084300000, 0x0000000084400000|  0%| F|  |TS  0|AC  0|TAMS 0x0000000084300000, 0x0000000084300000|
|  40|0x0000000084400000, 0x0000000084400000, 0x0000000084500000|  0%| F|  |TS  0|AC  0|TAMS 0x0000000084400000, 0x0000000084400000|
|  41|0x0000000084500000, 0x0000000084500000, 0x0000000084600000|  0%| F|  |TS  0|AC  0|TAMS 0x0000000084500000, 0x0000000084500000|
|  42|0x0000000084600000, 0x0000000084600000, 0x0000000084700000|  0%| F|  |TS  0|AC  0|TAMS 0x0000000084600000, 0x0000000084600000|
|  43|0x0000000084700000, 0x0000000084700000, 0x0000000084800000|  0%| F|  |TS  0|AC  0|TAMS 0x0000000084700000, 0x0000000084700000|
|  44|0x0000000084800000, 0x0000000084800000, 0x0000000084900000|  0%| F|  |TS  0|AC  0|TAMS 0x0000000084800000, 0x0000000084800000|
|  45|0x0000000084900000, 0x0000000084900000, 0x0000000084a00000|  0%| F|  |TS  0|AC  0|TAMS 0x0000000084900000, 0x0000000084900000|
|  46|0x0000000084a00000, 0x0000000084a00000, 0x0000000084b00000|  0%| F|  |TS  0|AC  0|TAMS 0x0000000084a00000, 0x0000000084a00000|
|  47|0x0000000084b00000, 0x0000000084b00000, 0x0000000084c00000|  0%| F|  |TS  0|AC  0|TAMS 0x0000000084b00000, 0x0000000084b00000|
|  48|0x0000000084c00000, 0x0000000084c00000, 0x0000000084d00000|  0%| F|  |TS  0|AC  0|TAMS 0x0000000084c00000, 0x0000000084c00000|
|  49|0x0000000084d00000, 0x0000000084d00000, 0x0000000084e00000|  0%| F|  |TS  0|AC  0|TAMS 0x0000000084d00000, 0x0000000084d00000|
|  50|0x0000000084e00000, 0x0000000084e00000, 0x0000000084f00000|  0%| F|  |TS  0|AC  0|TAMS 0x0000000084e00000, 0x0000000084e00000|
|  51|0x0000000084f00000, 0x0000000084f00000, 0x0000000085000000|  0%| F|  |TS  0|AC  0|TAMS 0x0000000084f00000, 0x0000000084f00000|
|  52|0x0000000085000000, 0x0000000085000000, 0x0000000085100000|  0%| F|  |TS  0|AC  0|TAMS 0x0000000085000000, 0x0000000085000000|
|  53|0x0000000085100000, 0x0000000085100000, 0x0000000085200000|  0%| F|  |TS  0|AC  0|TAMS 0x0000000085100000, 0x0000000085100000|
|  54|0x0000000085200000, 0x0000000085200000, 0x0000000085300000|  0%| F|  |TS  0|AC  0|TAMS 0x0000000085200000, 0x0000000085200000|
|  55|0x0000000085300000, 0x0000000085300000, 0x0000000085400000|  0%| F|  |TS  0|AC  0|TAMS 0x0000000085300000, 0x0000000085300000|
|  56|0x0000000085400000, 0x0000000085400000, 0x0000000085500000|  0%| F|  |TS  0|AC  0|TAMS 0x0000000085400000, 0x0000000085400000|
|  57|0x0000000085500000, 0x0000000085500000, 0x0000000085600000|  0%| F|  |TS  0|AC  0|TAMS 0x0000000085500000, 0x0000000085500000|
|  58|0x0000000085600000, 0x0000000085600000, 0x0000000085700000|  0%| F|  |TS  0|AC  0|TAMS 0x0000000085600000, 0x0000000085600000|
|  59|0x0000000085700000, 0x0000000085700000, 0x0000000085800000|  0%| F|  |TS  0|AC  0|TAMS 0x0000000085700000, 0x0000000085700000|
|  60|0x0000000085800000, 0x0000000085800000, 0x0000000085900000|  0%| F|  |TS  0|AC  0|TAMS 0x0000000085800000, 0x0000000085800000|
|  61|0x0000000085900000, 0x0000000085900000, 0x0000000085a00000|  0%| F|  |TS  0|AC  0|TAMS 0x0000000085900000, 0x0000000085900000|
|  62|0x0000000085a00000, 0x0000000085a00000, 0x0000000085b00000|  0%| F|  |TS  0|AC  0|TAMS 0x0000000085a00000, 0x0000000085a00000|
|  63|0x0000000085b00000, 0x0000000085b00000, 0x0000000085c00000|  0%| F|  |TS  0|AC  0|TAMS 0x0000000085b00000, 0x0000000085b00000|
|  64|0x0000000085c00000, 0x0000000085d00000, 0x0000000085d00000|100%| S|CS|TS  1|AC  0|TAMS 0x0000000085c00000, 0x0000000085c00000|
|  65|0x0000000085d00000, 0x0000000085e00000, 0x0000000085e00000|100%| S|CS|TS  1|AC  0|TAMS 0x0000000085d00000, 0x0000000085d00000|
|  66|0x0000000085e00000, 0x0000000085f00000, 0x0000000085f00000|100%| S|CS|TS  1|AC  0|TAMS 0x0000000085e00000, 0x0000000085e00000|
|  67|0x0000000085f00000, 0x0000000086000000, 0x0000000086000000|100%| S|CS|TS  1|AC  0|TAMS 0x0000000085f00000, 0x0000000085f00000|
|  68|0x0000000086000000, 0x0000000086000000, 0x0000000086100000|  0%| F|  |TS  1|AC  0|TAMS 0x0000000086000000, 0x0000000086000000|
|  69|0x0000000086100000, 0x0000000086100000, 0x0000000086200000|  0%| F|  |TS  1|AC  0|TAMS 0x0000000086100000, 0x0000000086100000|
|  70|0x0000000086200000, 0x0000000086200000, 0x0000000086300000|  0%| F|  |TS  1|AC  0|TAMS 0x0000000086200000, 0x0000000086200000|
|  71|0x0000000086300000, 0x0000000086300000, 0x0000000086400000|  0%| F|  |TS  1|AC  0|TAMS 0x0000000086300000, 0x0000000086300000|
|  72|0x0000000086400000, 0x0000000086400000, 0x0000000086500000|  0%| F|  |TS  1|AC  0|TAMS 0x0000000086400000, 0x0000000086400000|
|  73|0x0000000086500000, 0x0000000086500000, 0x0000000086600000|  0%| F|  |TS  1|AC  0|TAMS 0x0000000086500000, 0x0000000086500000|
|  74|0x0000000086600000, 0x0000000086700000, 0x0000000086700000|100%| S|CS|TS  1|AC  0|TAMS 0x0000000086600000, 0x0000000086600000|
|  75|0x0000000086700000, 0x0000000086800000, 0x0000000086800000|100%| S|CS|TS  1|AC  0|TAMS 0x0000000086700000, 0x0000000086700000|
|  76|0x0000000086800000, 0x0000000086900000, 0x0000000086900000|100%| S|CS|TS  1|AC  0|TAMS 0x0000000086800000, 0x0000000086800000|
|  77|0x0000000086900000, 0x0000000086a00000, 0x0000000086a00000|100%| S|CS|TS  1|AC  0|TAMS 0x0000000086900000, 0x0000000086900000|
|  78|0x0000000086a00000, 0x0000000086b00000, 0x0000000086b00000|100%| S|CS|TS  1|AC  0|TAMS 0x0000000086a00000, 0x0000000086a00000|
|  79|0x0000000086b00000, 0x0000000086c00000, 0x0000000086c00000|100%| S|CS|TS  1|AC  0|TAMS 0x0000000086b00000, 0x0000000086b00000|
|  80|0x0000000086c00000, 0x0000000086c00000, 0x0000000086d00000|  0%| F|  |TS  1|AC  0|TAMS 0x0000000086c00000, 0x0000000086c00000|
|  81|0x0000000086d00000, 0x0000000086d00000, 0x0000000086e00000|  0%| F|  |TS  1|AC  0|TAMS 0x0000000086d00000, 0x0000000086d00000|
|  82|0x0000000086e00000, 0x0000000086e00000, 0x0000000086f00000|  0%| F|  |TS  1|AC  0|TAMS 0x0000000086e00000, 0x0000000086e00000|
|  83|0x0000000086f00000, 0x0000000086f00000, 0x0000000087000000|  0%| F|  |TS  1|AC  0|TAMS 0x0000000086f00000, 0x0000000086f00000|
|  84|0x0000000087000000, 0x0000000087000000, 0x0000000087100000|  0%| F|  |TS  1|AC  0|TAMS 0x0000000087000000, 0x0000000087000000|
|  85|0x0000000087100000, 0x0000000087100000, 0x0000000087200000|  0%| F|  |TS  1|AC  0|TAMS 0x0000000087100000, 0x0000000087100000|
|  86|0x0000000087200000, 0x0000000087200000, 0x0000000087300000|  0%| F|  |TS  1|AC  0|TAMS 0x0000000087200000, 0x0000000087200000|
|  87|0x0000000087300000, 0x0000000087300000, 0x0000000087400000|  0%| F|  |TS  1|AC  0|TAMS 0x0000000087300000, 0x0000000087300000|
|  88|0x0000000087400000, 0x0000000087400000, 0x0000000087500000|  0%| F|  |TS  1|AC  0|TAMS 0x0000000087400000, 0x0000000087400000|
|  89|0x0000000087500000, 0x0000000087500000, 0x0000000087600000|  0%| F|  |TS  1|AC  0|TAMS 0x0000000087500000, 0x0000000087500000|
|  90|0x0000000087600000, 0x0000000087600000, 0x0000000087700000|  0%| F|  |TS  1|AC  0|TAMS 0x0000000087600000, 0x0000000087600000|
|  91|0x0000000087700000, 0x0000000087700000, 0x0000000087800000|  0%| F|  |TS  1|AC  0|TAMS 0x0000000087700000, 0x0000000087700000|
|  92|0x0000000087800000, 0x0000000087800000, 0x0000000087900000|  0%| F|  |TS  1|AC  0|TAMS 0x0000000087800000, 0x0000000087800000|
|  93|0x0000000087900000, 0x0000000087900000, 0x0000000087a00000|  0%| F|  |TS  1|AC  0|TAMS 0x0000000087900000, 0x0000000087900000|
|  94|0x0000000087a00000, 0x0000000087a00000, 0x0000000087b00000|  0%| F|  |TS  1|AC  0|TAMS 0x0000000087a00000, 0x0000000087a00000|
|  95|0x0000000087b00000, 0x0000000087b00000, 0x0000000087c00000|  0%| F|  |TS  1|AC  0|TAMS 0x0000000087b00000, 0x0000000087b00000|
|  96|0x0000000087c00000, 0x0000000087c00000, 0x0000000087d00000|  0%| F|  |TS  1|AC  0|TAMS 0x0000000087c00000, 0x0000000087c00000|
|  97|0x0000000087d00000, 0x0000000087d00000, 0x0000000087e00000|  0%| F|  |TS  1|AC  0|TAMS 0x0000000087d00000, 0x0000000087d00000|
|  98|0x0000000087e00000, 0x0000000087e00000, 0x0000000087f00000|  0%| F|  |TS  1|AC  0|TAMS 0x0000000087e00000, 0x0000000087e00000|
|  99|0x0000000087f00000, 0x0000000087f00000, 0x0000000088000000|  0%| F|  |TS  1|AC  0|TAMS 0x0000000087f00000, 0x0000000087f00000|
| 100|0x0000000088000000, 0x0000000088000000, 0x0000000088100000|  0%| F|  |TS  1|AC  0|TAMS 0x0000000088000000, 0x0000000088000000|
| 101|0x0000000088100000, 0x0000000088100000, 0x0000000088200000|  0%| F|  |TS  1|AC  0|TAMS 0x0000000088100000, 0x0000000088100000|
| 102|0x0000000088200000, 0x0000000088200000, 0x0000000088300000|  0%| F|  |TS  1|AC  0|TAMS 0x0000000088200000, 0x0000000088200000|
| 103|0x0000000088300000, 0x0000000088300000, 0x0000000088400000|  0%| F|  |TS  1|AC  0|TAMS 0x0000000088300000, 0x0000000088300000|
| 104|0x0000000088400000, 0x0000000088400000, 0x0000000088500000|  0%| F|  |TS  1|AC  0|TAMS 0x0000000088400000, 0x0000000088400000|
| 105|0x0000000088500000, 0x0000000088500000, 0x0000000088600000|  0%| F|  |TS  1|AC  0|TAMS 0x0000000088500000, 0x0000000088500000|
| 106|0x0000000088600000, 0x0000000088600000, 0x0000000088700000|  0%| F|  |TS  1|AC  0|TAMS 0x0000000088600000, 0x0000000088600000|
| 107|0x0000000088700000, 0x0000000088700000, 0x0000000088800000|  0%| F|  |TS  1|AC  0|TAMS 0x0000000088700000, 0x0000000088700000|
| 108|0x0000000088800000, 0x0000000088800000, 0x0000000088900000|  0%| F|  |TS  1|AC  0|TAMS 0x0000000088800000, 0x0000000088800000|
| 109|0x0000000088900000, 0x0000000088900000, 0x0000000088a00000|  0%| F|  |TS  1|AC  0|TAMS 0x0000000088900000, 0x0000000088900000|
| 110|0x0000000088a00000, 0x0000000088a00000, 0x0000000088b00000|  0%| F|  |TS  1|AC  0|TAMS 0x0000000088a00000, 0x0000000088a00000|
| 111|0x0000000088b00000, 0x0000000088b00000, 0x0000000088c00000|  0%| F|  |TS  1|AC  0|TAMS 0x0000000088b00000, 0x0000000088b00000|
| 112|0x0000000088c00000, 0x0000000088c00000, 0x0000000088d00000|  0%| F|  |TS  1|AC  0|TAMS 0x0000000088c00000, 0x0000000088c00000|
| 113|0x0000000088d00000, 0x0000000088d00000, 0x0000000088e00000|  0%| F|  |TS  1|AC  0|TAMS 0x0000000088d00000, 0x0000000088d00000|
| 114|0x0000000088e00000, 0x0000000088e00000, 0x0000000088f00000|  0%| F|  |TS  1|AC  0|TAMS 0x0000000088e00000, 0x0000000088e00000|
| 115|0x0000000088f00000, 0x0000000088f00000, 0x0000000089000000|  0%| F|  |TS  1|AC  0|TAMS 0x0000000088f00000, 0x0000000088f00000|
| 116|0x0000000089000000, 0x0000000089000000, 0x0000000089100000|  0%| F|  |TS  1|AC  0|TAMS 0x0000000089000000, 0x0000000089000000|
| 117|0x0000000089100000, 0x0000000089100000, 0x0000000089200000|  0%| F|  |TS  1|AC  0|TAMS 0x0000000089100000, 0x0000000089100000|
| 118|0x0000000089200000, 0x0000000089200000, 0x0000000089300000|  0%| F|  |TS  1|AC  0|TAMS 0x0000000089200000, 0x0000000089200000|
| 119|0x0000000089300000, 0x0000000089300000, 0x0000000089400000|  0%| F|  |TS  1|AC  0|TAMS 0x0000000089300000, 0x0000000089300000|
| 120|0x0000000089400000, 0x0000000089400000, 0x0000000089500000|  0%| F|  |TS  1|AC  0|TAMS 0x0000000089400000, 0x0000000089400000|
| 121|0x0000000089500000, 0x0000000089500000, 0x0000000089600000|  0%| F|  |TS  1|AC  0|TAMS 0x0000000089500000, 0x0000000089500000|
| 122|0x0000000089600000, 0x0000000089600000, 0x0000000089700000|  0%| F|  |TS  1|AC  0|TAMS 0x0000000089600000, 0x0000000089600000|
| 123|0x0000000089700000, 0x0000000089700000, 0x0000000089800000|  0%| F|  |TS  1|AC  0|TAMS 0x0000000089700000, 0x0000000089700000|
| 124|0x0000000089800000, 0x0000000089800000, 0x0000000089900000|  0%| F|  |TS  1|AC  0|TAMS 0x0000000089800000, 0x0000000089800000|
| 125|0x0000000089900000, 0x0000000089900000, 0x0000000089a00000|  0%| F|  |TS  1|AC  0|TAMS 0x0000000089900000, 0x0000000089900000|
| 126|0x0000000089a00000, 0x0000000089a00000, 0x0000000089b00000|  0%| F|  |TS  1|AC  0|TAMS 0x0000000089a00000, 0x0000000089a00000|
| 127|0x0000000089b00000, 0x0000000089b00000, 0x0000000089c00000|  0%| F|  |TS  1|AC  0|TAMS 0x0000000089b00000, 0x0000000089b00000|
| 128|0x0000000089c00000, 0x0000000089c00000, 0x0000000089d00000|  0%| F|  |TS  1|AC  0|TAMS 0x0000000089c00000, 0x0000000089c00000|
| 129|0x0000000089d00000, 0x0000000089d00000, 0x0000000089e00000|  0%| F|  |TS  1|AC  0|TAMS 0x0000000089d00000, 0x0000000089d00000|
| 130|0x0000000089e00000, 0x0000000089e00000, 0x0000000089f00000|  0%| F|  |TS  1|AC  0|TAMS 0x0000000089e00000, 0x0000000089e00000|
| 131|0x0000000089f00000, 0x0000000089f00000, 0x000000008a000000|  0%| F|  |TS  1|AC  0|TAMS 0x0000000089f00000, 0x0000000089f00000|
| 132|0x000000008a000000, 0x000000008a09d9c0, 0x000000008a100000| 61%| E|  |TS  1|AC  0|TAMS 0x000000008a000000, 0x000000008a000000|
| 133|0x000000008a100000, 0x000000008a200000, 0x000000008a200000|100%| E|CS|TS  1|AC  0|TAMS 0x000000008a100000, 0x000000008a100000|
| 134|0x000000008a200000, 0x000000008a300000, 0x000000008a300000|100%| E|CS|TS  1|AC  0|TAMS 0x000000008a200000, 0x000000008a200000|
| 135|0x000000008a300000, 0x000000008a400000, 0x000000008a400000|100%| E|CS|TS  1|AC  0|TAMS 0x000000008a300000, 0x000000008a300000|
| 136|0x000000008a400000, 0x000000008a500000, 0x000000008a500000|100%| E|CS|TS  1|AC  0|TAMS 0x000000008a400000, 0x000000008a400000|
| 137|0x000000008a500000, 0x000000008a600000, 0x000000008a600000|100%| E|CS|TS  1|AC  0|TAMS 0x000000008a500000, 0x000000008a500000|
| 138|0x000000008a600000, 0x000000008a700000, 0x000000008a700000|100%| E|CS|TS  1|AC  0|TAMS 0x000000008a600000, 0x000000008a600000|
| 139|0x000000008a700000, 0x000000008a800000, 0x000000008a800000|100%| E|CS|TS  1|AC  0|TAMS 0x000000008a700000, 0x000000008a700000|
| 140|0x000000008a800000, 0x000000008a900000, 0x000000008a900000|100%| E|CS|TS  1|AC  0|TAMS 0x000000008a800000, 0x000000008a800000|
| 141|0x000000008a900000, 0x000000008aa00000, 0x000000008aa00000|100%| E|CS|TS  1|AC  0|TAMS 0x000000008a900000, 0x000000008a900000|
| 142|0x000000008aa00000, 0x000000008ab00000, 0x000000008ab00000|100%| E|CS|TS  1|AC  0|TAMS 0x000000008aa00000, 0x000000008aa00000|
| 143|0x000000008ab00000, 0x000000008ac00000, 0x000000008ac00000|100%| E|CS|TS  1|AC  0|TAMS 0x000000008ab00000, 0x000000008ab00000|
| 144|0x000000008ac00000, 0x000000008ad00000, 0x000000008ad00000|100%| E|CS|TS  1|AC  0|TAMS 0x000000008ac00000, 0x000000008ac00000|
| 145|0x000000008ad00000, 0x000000008ae00000, 0x000000008ae00000|100%| E|CS|TS  1|AC  0|TAMS 0x000000008ad00000, 0x000000008ad00000|
| 146|0x000000008ae00000, 0x000000008af00000, 0x000000008af00000|100%| E|CS|TS  1|AC  0|TAMS 0x000000008ae00000, 0x000000008ae00000|
| 147|0x000000008af00000, 0x000000008b000000, 0x000000008b000000|100%| E|CS|TS  1|AC  0|TAMS 0x000000008af00000, 0x000000008af00000|
| 148|0x000000008b000000, 0x000000008b100000, 0x000000008b100000|100%| E|CS|TS  1|AC  0|TAMS 0x000000008b000000, 0x000000008b000000|
| 149|0x000000008b100000, 0x000000008b200000, 0x000000008b200000|100%| E|CS|TS  1|AC  0|TAMS 0x000000008b100000, 0x000000008b100000|
| 150|0x000000008b200000, 0x000000008b300000, 0x000000008b300000|100%| E|CS|TS  1|AC  0|TAMS 0x000000008b200000, 0x000000008b200000|
| 151|0x000000008b300000, 0x000000008b400000, 0x000000008b400000|100%| E|CS|TS  1|AC  0|TAMS 0x000000008b300000, 0x000000008b300000|
| 152|0x000000008b400000, 0x000000008b500000, 0x000000008b500000|100%| E|CS|TS  1|AC  0|TAMS 0x000000008b400000, 0x000000008b400000|
| 153|0x000000008b500000, 0x000000008b600000, 0x000000008b600000|100%| E|CS|TS  1|AC  0|TAMS 0x000000008b500000, 0x000000008b500000|
| 154|0x000000008b600000, 0x000000008b700000, 0x000000008b700000|100%| E|CS|TS  1|AC  0|TAMS 0x000000008b600000, 0x000000008b600000|
| 155|0x000000008b700000, 0x000000008b800000, 0x000000008b800000|100%| E|CS|TS  1|AC  0|TAMS 0x000000008b700000, 0x000000008b700000|
| 156|0x000000008b800000, 0x000000008b900000, 0x000000008b900000|100%| E|CS|TS  1|AC  0|TAMS 0x000000008b800000, 0x000000008b800000|
| 157|0x000000008b900000, 0x000000008ba00000, 0x000000008ba00000|100%| E|CS|TS  1|AC  0|TAMS 0x000000008b900000, 0x000000008b900000|
| 158|0x000000008ba00000, 0x000000008bb00000, 0x000000008bb00000|100%| E|CS|TS  1|AC  0|TAMS 0x000000008ba00000, 0x000000008ba00000|
| 159|0x000000008bb00000, 0x000000008bc00000, 0x000000008bc00000|100%| E|CS|TS  1|AC  0|TAMS 0x000000008bb00000, 0x000000008bb00000|
| 160|0x000000008bc00000, 0x000000008bd00000, 0x000000008bd00000|100%| E|CS|TS  1|AC  0|TAMS 0x000000008bc00000, 0x000000008bc00000|
| 161|0x000000008bd00000, 0x000000008be00000, 0x000000008be00000|100%| E|CS|TS  1|AC  0|TAMS 0x000000008bd00000, 0x000000008bd00000|
| 162|0x000000008be00000, 0x000000008bf00000, 0x000000008bf00000|100%| E|CS|TS  1|AC  0|TAMS 0x000000008be00000, 0x000000008be00000|
| 163|0x000000008bf00000, 0x000000008c000000, 0x000000008c000000|100%| E|CS|TS  1|AC  0|TAMS 0x000000008bf00000, 0x000000008bf00000|
| 164|0x000000008c000000, 0x000000008c100000, 0x000000008c100000|100%| E|CS|TS  1|AC  0|TAMS 0x000000008c000000, 0x000000008c000000|
| 165|0x000000008c100000, 0x000000008c200000, 0x000000008c200000|100%| E|CS|TS  1|AC  0|TAMS 0x000000008c100000, 0x000000008c100000|
| 166|0x000000008c200000, 0x000000008c300000, 0x000000008c300000|100%| E|CS|TS  1|AC  0|TAMS 0x000000008c200000, 0x000000008c200000|
| 167|0x000000008c300000, 0x000000008c400000, 0x000000008c400000|100%| E|CS|TS  1|AC  0|TAMS 0x000000008c300000, 0x000000008c300000|
| 168|0x000000008c400000, 0x000000008c500000, 0x000000008c500000|100%| E|CS|TS  1|AC  0|TAMS 0x000000008c400000, 0x000000008c400000|
| 169|0x000000008c500000, 0x000000008c600000, 0x000000008c600000|100%| E|CS|TS  1|AC  0|TAMS 0x000000008c500000, 0x000000008c500000|
| 170|0x000000008c600000, 0x000000008c700000, 0x000000008c700000|100%| E|CS|TS  1|AC  0|TAMS 0x000000008c600000, 0x000000008c600000|
| 171|0x000000008c700000, 0x000000008c800000, 0x000000008c800000|100%| E|CS|TS  1|AC  0|TAMS 0x000000008c700000, 0x000000008c700000|
| 172|0x000000008c800000, 0x000000008c900000, 0x000000008c900000|100%| E|CS|TS  1|AC  0|TAMS 0x000000008c800000, 0x000000008c800000|
| 173|0x000000008c900000, 0x000000008ca00000, 0x000000008ca00000|100%| E|CS|TS  1|AC  0|TAMS 0x000000008c900000, 0x000000008c900000|
| 174|0x000000008ca00000, 0x000000008cb00000, 0x000000008cb00000|100%| E|CS|TS  1|AC  0|TAMS 0x000000008ca00000, 0x000000008ca00000|
| 175|0x000000008cb00000, 0x000000008cc00000, 0x000000008cc00000|100%| E|CS|TS  1|AC  0|TAMS 0x000000008cb00000, 0x000000008cb00000|
| 176|0x000000008cc00000, 0x000000008cd00000, 0x000000008cd00000|100%| E|CS|TS  1|AC  0|TAMS 0x000000008cc00000, 0x000000008cc00000|
| 177|0x000000008cd00000, 0x000000008ce00000, 0x000000008ce00000|100%| E|CS|TS  1|AC  0|TAMS 0x000000008cd00000, 0x000000008cd00000|
| 178|0x000000008ce00000, 0x000000008cf00000, 0x000000008cf00000|100%| E|CS|TS  1|AC  0|TAMS 0x000000008ce00000, 0x000000008ce00000|
| 179|0x000000008cf00000, 0x000000008d000000, 0x000000008d000000|100%| E|CS|TS  1|AC  0|TAMS 0x000000008cf00000, 0x000000008cf00000|
| 180|0x000000008d000000, 0x000000008d100000, 0x000000008d100000|100%| E|CS|TS  1|AC  0|TAMS 0x000000008d000000, 0x000000008d000000|
| 181|0x000000008d100000, 0x000000008d200000, 0x000000008d200000|100%| E|CS|TS  1|AC  0|TAMS 0x000000008d100000, 0x000000008d100000|
| 182|0x000000008d200000, 0x000000008d300000, 0x000000008d300000|100%| E|CS|TS  1|AC  0|TAMS 0x000000008d200000, 0x000000008d200000|
| 183|0x000000008d300000, 0x000000008d400000, 0x000000008d400000|100%| E|CS|TS  1|AC  0|TAMS 0x000000008d300000, 0x000000008d300000|
| 184|0x000000008d400000, 0x000000008d500000, 0x000000008d500000|100%| E|CS|TS  1|AC  0|TAMS 0x000000008d400000, 0x000000008d400000|

Card table byte_map: [0x00000242ff6e0000,0x00000242ffae0000] byte_map_base: 0x00000242ff2d2000

Marking Bits (Prev, Next): (CMBitMap*) 0x00000242fff24418, (CMBitMap*) 0x00000242fff243e0
 Prev Bits: [0x0000024281f90000, 0x0000024283f20000)
 Next Bits: [0x0000024280000000, 0x0000024281f90000)

Polling page: 0x00000242e6fd0000

CodeHeap 'non-profiled nmethods': size=238336Kb used=14135Kb max_used=14135Kb free=224200Kb
 bounds [0x00000242efbc0000, 0x00000242f09a0000, 0x00000242fe480000]
CodeHeap 'non-nmethods': size=7424Kb used=3082Kb max_used=3082Kb free=4341Kb
 bounds [0x00000242ef480000, 0x00000242ef790000, 0x00000242efbc0000]
 total_blobs=9046 nmethods=8309 adapters=550
 compilation: enabled

Compilation events (10 events):
Event: 184.968 Thread 0x0000024287162800 nmethod 8405 0x00000242f0777f10 code [0x00000242f0778100, 0x00000242f0778380]
Event: 184.968 Thread 0x0000024287161800 nmethod 8406 0x00000242f0777990 code [0x00000242f0777b80, 0x00000242f0777de0]
Event: 184.969 Thread 0x0000024287163800 nmethod 8404 0x00000242f098d310 code [0x00000242f098d560, 0x00000242f098db80]
Event: 184.969 Thread 0x000002428715d800 nmethod 8407 0x00000242f098e090 code [0x00000242f098e3a0, 0x00000242f098f020]
Event: 188.503 Thread 0x0000024287162800 8408       1       java.util.concurrent.ThreadPoolExecutor$Worker::lock (6 bytes)
Event: 188.503 Thread 0x0000024287161800 8409       1       java.util.concurrent.ThreadPoolExecutor$Worker::tryAcquire (20 bytes)
Event: 188.503 Thread 0x0000024287163800 8410       1       java.util.concurrent.ThreadPoolExecutor::beforeExecute (1 bytes)
Event: 188.503 Thread 0x0000024287163800 nmethod 8410 0x00000242f07a8a90 code [0x00000242f07a8c40, 0x00000242f07a8d58]
Event: 188.503 Thread 0x0000024287161800 nmethod 8409 0x00000242f0869e10 code [0x00000242f0869fe0, 0x00000242f086a2e0]
Event: 188.504 Thread 0x0000024287162800 nmethod 8408 0x00000242f098f990 code [0x00000242f098fb80, 0x00000242f098ff10]

GC Heap History (10 events):
Event: 4.840 GC heap before
{Heap before GC invocations=11 (full 0):
 garbage-first heap   total 189440K, used 127015K [0x0000000081c00000, 0x0000000081d005c8, 0x0000000100000000)
  region size 1024K, 111 young (113664K), 10 survivors (10240K)
 Metaspace       used 46629K, capacity 49476K, committed 49712K, reserved 1091584K
  class space    used 6344K, capacity 6854K, committed 6960K, reserved 1048576K
}
Event: 4.848 GC heap after
{Heap after GC invocations=12 (full 0):
 garbage-first heap   total 189440K, used 26773K [0x0000000081c00000, 0x0000000081d005c8, 0x0000000100000000)
  region size 1024K, 10 young (10240K), 10 survivors (10240K)
 Metaspace       used 46629K, capacity 49476K, committed 49712K, reserved 1091584K
  class space    used 6344K, capacity 6854K, committed 6960K, reserved 1048576K
}
Event: 8.454 GC heap before
{Heap before GC invocations=12 (full 0):
 garbage-first heap   total 189440K, used 130197K [0x0000000081c00000, 0x0000000081d005c8, 0x0000000100000000)
  region size 1024K, 111 young (113664K), 10 survivors (10240K)
 Metaspace       used 50651K, capacity 53638K, committed 53808K, reserved 1095680K
  class space    used 6930K, capacity 7469K, committed 7472K, reserved 1048576K
}
Event: 8.462 GC heap after
{Heap after GC invocations=13 (full 0):
 garbage-first heap   total 189440K, used 27633K [0x0000000081c00000, 0x0000000081d005c8, 0x0000000100000000)
  region size 1024K, 9 young (9216K), 9 survivors (9216K)
 Metaspace       used 50651K, capacity 53638K, committed 53808K, reserved 1095680K
  class space    used 6930K, capacity 7469K, committed 7472K, reserved 1048576K
}
Event: 9.104 GC heap before
{Heap before GC invocations=13 (full 0):
 garbage-first heap   total 189440K, used 132081K [0x0000000081c00000, 0x0000000081d005c8, 0x0000000100000000)
  region size 1024K, 111 young (113664K), 9 survivors (9216K)
 Metaspace       used 53637K, capacity 57206K, committed 57520K, reserved 1099776K
  class space    used 7384K, capacity 7999K, committed 8112K, reserved 1048576K
}
Event: 9.113 GC heap after
{Heap after GC invocations=14 (full 0):
 garbage-first heap   total 189440K, used 30148K [0x0000000081c00000, 0x0000000081d005c8, 0x0000000100000000)
  region size 1024K, 9 young (9216K), 9 survivors (9216K)
 Metaspace       used 53637K, capacity 57206K, committed 57520K, reserved 1099776K
  class space    used 7384K, capacity 7999K, committed 8112K, reserved 1048576K
}
Event: 9.647 GC heap before
{Heap before GC invocations=14 (full 0):
 garbage-first heap   total 189440K, used 130500K [0x0000000081c00000, 0x0000000081d005c8, 0x0000000100000000)
  region size 1024K, 108 young (110592K), 9 survivors (9216K)
 Metaspace       used 56182K, capacity 60186K, committed 60296K, reserved 1101824K
  class space    used 7699K, capacity 8388K, committed 8496K, reserved 1048576K
}
Event: 9.656 GC heap after
{Heap after GC invocations=15 (full 0):
 garbage-first heap   total 189440K, used 33081K [0x0000000081c00000, 0x0000000081d005c8, 0x0000000100000000)
  region size 1024K, 9 young (9216K), 9 survivors (9216K)
 Metaspace       used 56182K, capacity 60186K, committed 60296K, reserved 1101824K
  class space    used 7699K, capacity 8388K, committed 8496K, reserved 1048576K
}
Event: 15.684 GC heap before
{Heap before GC invocations=16 (full 0):
 garbage-first heap   total 189440K, used 137529K [0x0000000081c00000, 0x0000000081d005c8, 0x0000000100000000)
  region size 1024K, 111 young (113664K), 9 survivors (9216K)
 Metaspace       used 61681K, capacity 66024K, committed 66224K, reserved 1105920K
  class space    used 8416K, capacity 9119K, committed 9136K, reserved 1048576K
}
Event: 15.694 GC heap after
{Heap after GC invocations=17 (full 0):
 garbage-first heap   total 189440K, used 37314K [0x0000000081c00000, 0x0000000081d005c8, 0x0000000100000000)
  region size 1024K, 10 young (10240K), 10 survivors (10240K)
 Metaspace       used 61681K, capacity 66024K, committed 66224K, reserved 1105920K
  class space    used 8416K, capacity 9119K, committed 9136K, reserved 1048576K
}

Deoptimization events (0 events):
No events

Classes redefined (4 events):
Event: 122.993 Thread 0x000002428710c800 redefined class name=com.project.tim05.service.HallService, count=1
Event: 139.946 Thread 0x000002428710c800 redefined class name=com.project.tim05.service.HallService, count=2
Event: 144.163 Thread 0x000002428710c800 redefined class name=com.project.tim05.service.HallService, count=3
Event: 145.451 Thread 0x000002428710c800 redefined class name=com.project.tim05.service.HallService, count=4

Internal exceptions (10 events):
Event: 31.260 Thread 0x00000242882c7800 Exception <a 'java/lang/ClassNotFoundException'{0x000000008a4f00c8}: org/springframework/context/support/LiveBeansView> (0x000000008a4f00c8) thrown at [t:/workspace/hotspot/src/share/vm/classfile/systemDictionary.cpp, line 218]
Event: 31.260 Thread 0x00000242882c7800 Exception <a 'java/lang/ClassNotFoundException'{0x000000008a4f03c0}: org/springframework/context/support/LiveBeansView> (0x000000008a4f03c0) thrown at [t:/workspace/hotspot/src/share/vm/classfile/systemDictionary.cpp, line 218]
Event: 31.260 Thread 0x00000242882c7800 Exception <a 'java/lang/ClassNotFoundException'{0x000000008a4f06a8}: org/springframework/context/support/LiveBeansView> (0x000000008a4f06a8) thrown at [t:/workspace/hotspot/src/share/vm/classfile/systemDictionary.cpp, line 218]
Event: 31.261 Thread 0x00000242882c7800 Exception <a 'java/lang/ClassNotFoundException'{0x000000008a31f188}: org/springframework/context/support/LiveBeansView> (0x000000008a31f188) thrown at [t:/workspace/hotspot/src/share/vm/classfile/systemDictionary.cpp, line 218]
Event: 31.262 Thread 0x00000242882c7800 Exception <a 'java/lang/ClassNotFoundException'{0x000000008a31f520}: org/springframework/context/support/LiveBeansView> (0x000000008a31f520) thrown at [t:/workspace/hotspot/src/share/vm/classfile/systemDictionary.cpp, line 218]
Event: 31.262 Thread 0x00000242882c7800 Exception <a 'java/lang/ClassNotFoundException'{0x000000008a31f810}: org/springframework/context/support/LiveBeansView> (0x000000008a31f810) thrown at [t:/workspace/hotspot/src/share/vm/classfile/systemDictionary.cpp, line 218]
Event: 31.262 Thread 0x00000242882c7800 Exception <a 'java/lang/ClassNotFoundException'{0x000000008a31fb00}: org/springframework/context/support/LiveBeansView> (0x000000008a31fb00) thrown at [t:/workspace/hotspot/src/share/vm/classfile/systemDictionary.cpp, line 218]
Event: 77.293 Thread 0x00000242894f8800 Exception <a 'java/io/IOException'{0x000000008a214168}> (0x000000008a214168) thrown at [t:/workspace/hotspot/src/share/vm/prims/jni.cpp, line 604]
Event: 83.868 Thread 0x00000242894ff000 Exception <a 'java/lang/reflect/InvocationTargetException'{0x000000008a297fb0}> (0x000000008a297fb0) thrown at [t:/workspace/hotspot/src/share/vm/runtime/reflection.cpp, line 1213]
Event: 146.963 Thread 0x00000242894ff000 Exception <a 'java/lang/reflect/InvocationTargetException'{0x000000008a115040}> (0x000000008a115040) thrown at [t:/workspace/hotspot/src/share/vm/runtime/reflection.cpp, line 1213]

Events (10 events):
Event: 188.508 Executing VM operation: GetOwnedMonitorInfo done
Event: 188.508 Executing VM operation: GetCurrentContendedMonitor
Event: 188.508 Executing VM operation: GetCurrentContendedMonitor done
Event: 188.512 Executing VM operation: GetCurrentContendedMonitor
Event: 188.512 Executing VM operation: GetCurrentContendedMonitor done
Event: 188.512 Executing VM operation: GetOwnedMonitorInfo
Event: 188.512 Executing VM operation: GetOwnedMonitorInfo done
Event: 188.611 Executing VM operation: GetFrameLocation
Event: 188.611 Executing VM operation: GetFrameLocation done
Event: 188.611 Executing VM operation: GetOrSetLocal


Dynamic libraries:
0x00007ff7499a0000 - 0x00007ff7499de000 	C:\Program Files\Java\jre-9.0.4\bin\javaw.exe
0x00007ffc614c0000 - 0x00007ffc616b0000 	C:\Windows\SYSTEM32\ntdll.dll
0x00007ffc5f860000 - 0x00007ffc5f912000 	C:\Windows\System32\KERNEL32.DLL
0x00007ffc5e6f0000 - 0x00007ffc5e994000 	C:\Windows\System32\KERNELBASE.dll
0x00007ffc5fa10000 - 0x00007ffc5fab3000 	C:\Windows\System32\ADVAPI32.dll
0x00007ffc5fb40000 - 0x00007ffc5fbde000 	C:\Windows\System32\msvcrt.dll
0x00007ffc610a0000 - 0x00007ffc61137000 	C:\Windows\System32\sechost.dll
0x00007ffc607e0000 - 0x00007ffc60900000 	C:\Windows\System32\RPCRT4.dll
0x00007ffc5fbe0000 - 0x00007ffc5fd74000 	C:\Windows\System32\USER32.dll
0x00007ffc5e9f0000 - 0x00007ffc5ea11000 	C:\Windows\System32\win32u.dll
0x00007ffc5fed0000 - 0x00007ffc5fef6000 	C:\Windows\System32\GDI32.dll
0x00007ffc5ea20000 - 0x00007ffc5ebb4000 	C:\Windows\System32\gdi32full.dll
0x00007ffc5e500000 - 0x00007ffc5e59e000 	C:\Windows\System32\msvcp_win.dll
0x00007ffc5ebc0000 - 0x00007ffc5ecba000 	C:\Windows\System32\ucrtbase.dll
0x00007ffc4e540000 - 0x00007ffc4e7c4000 	C:\Windows\WinSxS\amd64_microsoft.windows.common-controls_6595b64144ccf1df_6.0.18362.836_none_e6c4b943130f18ed\COMCTL32.dll
0x00007ffc61140000 - 0x00007ffc61476000 	C:\Windows\System32\combase.dll
0x00007ffc5e450000 - 0x00007ffc5e4d0000 	C:\Windows\System32\bcryptPrimitives.dll
0x00007ffc5a6c0000 - 0x00007ffc5a6ca000 	C:\Windows\SYSTEM32\VERSION.dll
0x00007ffc5ffb0000 - 0x00007ffc5ffde000 	C:\Windows\System32\IMM32.DLL
0x00007ffc34510000 - 0x00007ffc345ff000 	C:\Program Files\Java\jre-9.0.4\bin\msvcr120.dll
0x00007ffc26360000 - 0x00007ffc26406000 	C:\Program Files\Java\jre-9.0.4\bin\msvcp120.dll
0x00000000698f0000 - 0x000000006a315000 	C:\Program Files\Java\jre-9.0.4\bin\server\jvm.dll
0x00007ffc5f640000 - 0x00007ffc5f648000 	C:\Windows\System32\PSAPI.DLL
0x00007ffc4dde0000 - 0x00007ffc4dde9000 	C:\Windows\SYSTEM32\WSOCK32.dll
0x00007ffc5a330000 - 0x00007ffc5a354000 	C:\Windows\SYSTEM32\WINMM.dll
0x00007ffc600d0000 - 0x00007ffc6013f000 	C:\Windows\System32\WS2_32.dll
0x00007ffc5a360000 - 0x00007ffc5a38d000 	C:\Windows\SYSTEM32\winmmbase.dll
0x00007ffc5e9a0000 - 0x00007ffc5e9ea000 	C:\Windows\System32\cfgmgr32.dll
0x00007ffc5b090000 - 0x00007ffc5b09f000 	C:\Program Files\Java\jre-9.0.4\bin\verify.dll
0x00007ffc37790000 - 0x00007ffc377b7000 	C:\Program Files\Java\jre-9.0.4\bin\java.dll
0x00007ffc2d1c0000 - 0x00007ffc2d1f6000 	C:\Program Files\Java\jre-9.0.4\bin\jdwp.dll
0x00007ffc3a590000 - 0x00007ffc3a5ba000 	C:\Program Files\Java\jre-9.0.4\bin\instrument.dll
0x00007ffc44960000 - 0x00007ffc44976000 	C:\Program Files\Java\jre-9.0.4\bin\zip.dll
0x00007ffc44d00000 - 0x00007ffc44d0a000 	C:\Program Files\Java\jre-9.0.4\bin\jimage.dll
0x00007ffc60900000 - 0x00007ffc60fe4000 	C:\Windows\System32\SHELL32.dll
0x00007ffc60ff0000 - 0x00007ffc61099000 	C:\Windows\System32\shcore.dll
0x00007ffc5ecc0000 - 0x00007ffc5f43e000 	C:\Windows\System32\windows.storage.dll
0x00007ffc5e420000 - 0x00007ffc5e443000 	C:\Windows\System32\profapi.dll
0x00007ffc5e3b0000 - 0x00007ffc5e3fa000 	C:\Windows\System32\powrprof.dll
0x00007ffc5e380000 - 0x00007ffc5e390000 	C:\Windows\System32\UMPDC.dll
0x00007ffc602a0000 - 0x00007ffc602f2000 	C:\Windows\System32\shlwapi.dll
0x00007ffc5e390000 - 0x00007ffc5e3a1000 	C:\Windows\System32\kernel.appcore.dll
0x00007ffc5f4a0000 - 0x00007ffc5f4b7000 	C:\Windows\System32\cryptsp.dll
0x00007ffc3fbe0000 - 0x00007ffc3fbfa000 	C:\Program Files\Java\jre-9.0.4\bin\net.dll
0x00007ffc4fed0000 - 0x00007ffc4ffc0000 	C:\Windows\SYSTEM32\WINHTTP.dll
0x00007ffc5dbf0000 - 0x00007ffc5dc57000 	C:\Windows\system32\mswsock.dll
0x00007ffc36540000 - 0x00007ffc36551000 	C:\Program Files\Java\jre-9.0.4\bin\nio.dll
0x00007ffc5b0b0000 - 0x00007ffc5b0ba000 	C:\Program Files\Java\jre-9.0.4\bin\dt_socket.dll
0x00007ffc5d940000 - 0x00007ffc5da0b000 	C:\Windows\SYSTEM32\DNSAPI.dll
0x00007ffc607d0000 - 0x00007ffc607d8000 	C:\Windows\System32\NSI.dll
0x00007ffc5d900000 - 0x00007ffc5d93a000 	C:\Windows\SYSTEM32\IPHLPAPI.DLL
0x00007ffc543c0000 - 0x00007ffc54437000 	C:\Windows\System32\fwpuclnt.dll
0x00007ffc5e4d0000 - 0x00007ffc5e4f6000 	C:\Windows\System32\bcrypt.dll
0x00007ffc4fbc0000 - 0x00007ffc4fbca000 	C:\Windows\System32\rasadhlp.dll
0x00007ffc58980000 - 0x00007ffc58989000 	C:\Program Files\Java\jre-9.0.4\bin\management.dll
0x00007ffc39870000 - 0x00007ffc3987a000 	C:\Program Files\Java\jre-9.0.4\bin\management_ext.dll
0x00007ffc5ae80000 - 0x00007ffc5ae96000 	C:\Windows\system32\napinsp.dll
0x00007ffc5ab00000 - 0x00007ffc5ab1a000 	C:\Windows\system32\pnrpnsp.dll
0x00007ffc5b0f0000 - 0x00007ffc5b0fe000 	C:\Windows\System32\winrnr.dll
0x00007ffc5a3e0000 - 0x00007ffc5a3fc000 	C:\Windows\system32\NLAapi.dll
0x00007ffc5aae0000 - 0x00007ffc5aaf5000 	C:\Windows\system32\wshbth.dll
0x00007ffc5d760000 - 0x00007ffc5d793000 	C:\Windows\system32\rsaenh.dll
0x00007ffc5e2a0000 - 0x00007ffc5e2c5000 	C:\Windows\SYSTEM32\USERENV.dll
0x00007ffc5ddc0000 - 0x00007ffc5ddcc000 	C:\Windows\SYSTEM32\CRYPTBASE.dll
0x00007ffc55800000 - 0x00007ffc55816000 	C:\Windows\SYSTEM32\dhcpcsvc6.DLL
0x00007ffc557e0000 - 0x00007ffc557fc000 	C:\Windows\SYSTEM32\dhcpcsvc.DLL
0x00007ffc53ff0000 - 0x00007ffc54013000 	C:\Program Files\Java\jre-9.0.4\bin\sunec.dll
0x00007ffc5cb10000 - 0x00007ffc5cd04000 	C:\Windows\SYSTEM32\dbghelp.dll

VM Arguments:
jvm_args: -agentlib:jdwp=transport=dt_socket,suspend=y,address=localhost:51824 -Dcom.sun.management.jmxremote -Dcom.sun.management.jmxremote.port=51823 -Dcom.sun.management.jmxremote.authenticate=false -Dcom.sun.management.jmxremote.ssl=false -Djava.rmi.server.hostname=localhost -Dspring.jmx.enabled=true -Dspring.application.admin.enabled=true -Xverify:none -XX:TieredStopAtLevel=1 -Dspring.boot.project.name=tim05 -javaagent:D:\Eclipse\eclipse\configuration\org.eclipse.osgi\229\0\.cp\lib\javaagent-shaded.jar -Dfile.encoding=UTF-8 
java_command: com.project.tim05.Tim05Application
java_class_path (initial): D:\Fakultet\6. semestar\ISA\Projekat\MRSISA2020_T05\tim05\tim05\target\classes;C:\Users\Vukasin\.m2\repository\org\springframework\boot\spring-boot-starter-web\2.2.6.RELEASE\spring-boot-starter-web-2.2.6.RELEASE.jar;C:\Users\Vukasin\.m2\repository\org\springframework\boot\spring-boot-starter\2.2.6.RELEASE\spring-boot-starter-2.2.6.RELEASE.jar;C:\Users\Vukasin\.m2\repository\org\springframework\boot\spring-boot\2.2.6.RELEASE\spring-boot-2.2.6.RELEASE.jar;C:\Users\Vukasin\.m2\repository\org\springframework\boot\spring-boot-autoconfigure\2.2.6.RELEASE\spring-boot-autoconfigure-2.2.6.RELEASE.jar;C:\Users\Vukasin\.m2\repository\org\springframework\boot\spring-boot-starter-logging\2.2.6.RELEASE\spring-boot-starter-logging-2.2.6.RELEASE.jar;C:\Users\Vukasin\.m2\repository\ch\qos\logback\logback-classic\1.2.3\logback-classic-1.2.3.jar;C:\Users\Vukasin\.m2\repository\ch\qos\logback\logback-core\1.2.3\logback-core-1.2.3.jar;C:\Users\Vukasin\.m2\repository\org\apache\logging\log4j\log4j-to-slf4j\2.12.1\log4j-to-slf4j-2.12.1.jar;C:\Users\Vukasin\.m2\repository\org\apache\logging\log4j\log4j-api\2.12.1\log4j-api-2.12.1.jar;C:\Users\Vukasin\.m2\repository\org\slf4j\jul-to-slf4j\1.7.30\jul-to-slf4j-1.7.30.jar;C:\Users\Vukasin\.m2\repository\jakarta\annotation\jakarta.annotation-api\1.3.5\jakarta.annotation-api-1.3.5.jar;C:\Users\Vukasin\.m2\repository\org\yaml\snakeyaml\1.25\snakeyaml-1.25.jar;C:\Users\Vukasin\.m2\repository\org\springframework\boot\spring-boot-starter-json\2.2.6.RELEASE\spring-boot-starter-json-2.2.6.RELEASE.jar;C:\Users\Vukasin\.m2\repository\com\fasterxml\jackson\datatype\jackson-datatype-jdk8\2.10.3\jackson-datatype-jdk8-2.10.3.jar;C:\Users\Vukasin\.m2\repository\com\fasterxml\jackson\datatype\jackson-datatype-jsr310\2.10.3\jackson-datatype-jsr310-2.10.3.jar;C:\Users\Vukasin\.m2\repository\com\fasterxml\jackson\module\jackson-module-parameter-names\2.10.3\jackson-module-parameter-names-2.10.3.jar;C:\Users\Vukasin\.m2\repository\org
Launcher Type: SUN_STANDARD

Logging:
Log output configuration:
#0: stdout all=warning uptime,level,tags
#1: stderr all=off uptime,level,tags

Environment Variables:
JAVA_HOME=C:\Program Files\Java\jdk-9.0.4
JRE_HOME=C:\Program Files\Java\jre-9.0.4
PATH=C:/Program Files/Java/jre-9.0.4/bin/server;C:/Program Files/Java/jre-9.0.4/bin;C:\Program Files (x86)\NVIDIA Corporation\PhysX\Common;C:\ProgramData\Oracle\Java\javapath;C:\Windows\system32;C:\Windows;C:\Windows\System32\Wbem;C:\Windows\System32\WindowsPowerShell\v1.0\;C:\Windows\System32\OpenSSH\;C:\Program Files\Microsoft SQL Server\130\Tools\Binn\;C:\Program Files\nodejs\;C:\Program Files\Git\cmd;C:\Python27\Scripts;C:\Python27;C:\Program Files\Docker\Docker\resources\bin;C:\ProgramData\DockerDesktop\version-bin;C:\Windows\system32\config\systemprofile\.dnx\bin;C:\Program Files\Microsoft DNX\Dnvm\;C:\Program Files (x86)\Windows Kits\8.1\Windows Performance Toolkit\;C:\Users\Vukasin\AppData\Local\Programs\Python\Python37\Scripts\;C:\Users\Vukasin\AppData\Local\Programs\Python\Python37\;C:\Program Files (x86)\NVIDIA Corporation\PhysX\Common;C:\ProgramData\Oracle\Java\javapath;C:\Windows\system32;C:\Windows;C:\Windows\System32\Wbem;C:\Windows\System32\WindowsPowerShell\v1.0\;C:\Windows\System32\OpenSSH\;C:\Program Files\dotnet\;C:\Program Files\Microsoft SQL Server\130\Tools\Binn\;C:\Program Files\Microsoft SQL Server\Client SDK\ODBC\170\Tools\Binn\;C:\Users\Vukasin\AppData\Local\Microsoft\WindowsApps;D:\Visual Studio Code\Microsoft VS Code\bin;D:\Intel FPGA\Intel FPGA\modelsim_ase\win32aloem;C:\Python\Scripts;C:\Users\Vukasin\AppData\Roaming\npm;C:\Users\Vukasin\AppData\Local\GitHubDesktop\bin;C:\Python;D:\Gradle\gradle-6.3\bin;C:\Program Files\JetBrains\IntelliJ IDEA Community Edition 2019.3.4\bin;;C:\Program Files\PostgreSQL\12\bin;;D:\Eclipse\eclipse;
USERNAME=Vukasin
OS=Windows_NT
PROCESSOR_IDENTIFIER=Intel64 Family 6 Model 158 Stepping 9, GenuineIntel



---------------  S Y S T E M  ---------------

OS: Windows 10 , 64 bit Build 18362 (10.0.18362.778)

CPU:total 8 (initial active 8) (4 cores per cpu, 2 threads per core) family 6 model 158 stepping 9, cmov, cx8, fxsr, mmx, sse, sse2, sse3, ssse3, sse4.1, sse4.2, popcnt, avx, avx2, aes, clmul, erms, 3dnowpref, lzcnt, ht, tsc, tscinvbit, bmi1, bmi2, adx, fma

Memory: 4k page, physical 8266848k(1534888k free), swap 16773748k(3690268k free)

vm_info: Java HotSpot(TM) 64-Bit Server VM (9.0.4+11) for windows-amd64 JRE (9.0.4+11), built on Dec 20 2017 02:18:54 by "mach5one" with MS VC++ 12.0 (VS2013)

END.
